2026-05-18T14:11:13.644Z	Initializing build environment...
2026-05-18T14:11:15.856Z	Success: Finished initializing build environment
2026-05-18T14:11:16.512Z	Cloning repository...
2026-05-18T14:11:18.079Z	Restoring from dependencies cache
2026-05-18T14:11:18.081Z	Restoring from build output cache
2026-05-18T14:11:18.084Z	Detected the following tools from environment: npm@10.9.2, nodejs@22.16.0
2026-05-18T14:11:18.186Z	Installing project dependencies: npm clean-install --progress=false
2026-05-18T14:11:26.470Z	
2026-05-18T14:11:26.470Z	added 191 packages, and audited 192 packages in 8s
2026-05-18T14:11:26.471Z	
2026-05-18T14:11:26.471Z	43 packages are looking for funding
2026-05-18T14:11:26.471Z	  run `npm fund` for details
2026-05-18T14:11:26.513Z	
2026-05-18T14:11:26.514Z	7 vulnerabilities (6 moderate, 1 high)
2026-05-18T14:11:26.514Z	
2026-05-18T14:11:26.514Z	To address issues that do not require attention, run:
2026-05-18T14:11:26.515Z	  npm audit fix
2026-05-18T14:11:26.515Z	
2026-05-18T14:11:26.515Z	To address all issues (including breaking changes), run:
2026-05-18T14:11:26.515Z	  npm audit fix --force
2026-05-18T14:11:26.515Z	
2026-05-18T14:11:26.515Z	Run `npm audit` for details.
2026-05-18T14:11:26.793Z	Executing user build command: npm run build 
2026-05-18T14:11:27.038Z	
2026-05-18T14:11:27.038Z	> dronedom@0.1.0 build
2026-05-18T14:11:27.038Z	> vite build
2026-05-18T14:11:27.038Z	
2026-05-18T14:11:27.280Z	vite v5.4.21 building for production...
2026-05-18T14:11:27.350Z	transforming...
2026-05-18T14:11:28.140Z	✓ 41 modules transformed.
2026-05-18T14:11:28.270Z	rendering chunks...
2026-05-18T14:11:28.284Z	computing gzip size...
2026-05-18T14:11:29.003Z	dist/index.html                  0.75 kB │ gzip:  0.45 kB
2026-05-18T14:11:29.003Z	dist/assets/index-DYpmzEN8.js  175.32 kB │ gzip: 55.55 kB
2026-05-18T14:11:29.004Z	✓ built in 1.70s
2026-05-18T14:11:29.058Z	Success: Build command completed
2026-05-18T14:11:29.301Z	Executing user deploy command: npx wrangler deploy
2026-05-18T14:11:30.778Z	npm warn exec The following package was not found and will be installed: wrangler@4.92.0
2026-05-18T14:11:39.785Z	
2026-05-18T14:11:39.785Z	 ⛅️ wrangler 4.92.0
2026-05-18T14:11:39.785Z	───────────────────
2026-05-18T14:11:39.946Z	
2026-05-18T14:11:39.947Z	Detected Project Settings:
2026-05-18T14:11:39.952Z	 - Worker Name: passiongamedronedom
2026-05-18T14:11:39.952Z	 - Framework: Vite
2026-05-18T14:11:39.952Z	 - Build Command: npm run build
2026-05-18T14:11:39.952Z	 - Output Directory: dist
2026-05-18T14:11:39.952Z	
2026-05-18T14:11:39.952Z	? Do you want to modify these settings?
2026-05-18T14:11:39.952Z	🤖 Using fallback value in non-interactive context: no
2026-05-18T14:11:39.960Z	
2026-05-18T14:11:39.960Z	Cloudflare collects anonymous telemetry about your usage of Wrangler. Learn more at https://github.com/cloudflare/workers-sdk/tree/main/packages/wrangler/telemetry.md
2026-05-18T14:11:39.962Z	
2026-05-18T14:11:40.340Z	✘ [ERROR] The version of Vite used in the project ("5.4.21") cannot be automatically configured. Please update the Vite version to at least "6.0.0" and try again.
2026-05-18T14:11:40.341Z	
2026-05-18T14:11:40.341Z	
2026-05-18T14:11:40.434Z	🪵  Logs were written to "/opt/buildhome/.config/.wrangler/logs/wrangler-2026-05-18_14-11-39_408.log"
2026-05-18T14:11:40.506Z	Failed: error occurred while running deploy command